c:\users\sina\desktop\hypervisor from scratch\myhypervisordriver\myhypervisordriver\x64\release\vc141.pdb
c:\users\sina\desktop\hypervisor from scratch\myhypervisordriver\myhypervisordriver\x64\release\vmx.obj
c:\users\sina\desktop\hypervisor from scratch\myhypervisordriver\myhypervisordriver\x64\release\processor.obj
c:\users\sina\desktop\hypervisor from scratch\myhypervisordriver\myhypervisordriver\x64\release\driver.obj
c:\users\sina\desktop\hypervisor from scratch\myhypervisordriver\myhypervisordriver\x64\release\memory.obj
c:\users\sina\desktop\hypervisor from scratch\myhypervisordriver\myhypervisordriver\x64\release\ept.obj
c:\users\sina\desktop\hypervisor from scratch\myhypervisordriver\x64\release\myhypervisordriver\myhypervisordriver.cat
c:\users\sina\desktop\hypervisor from scratch\myhypervisordriver\x64\release\myhypervisordriver.sys
c:\users\sina\desktop\hypervisor from scratch\myhypervisordriver\x64\release\myhypervisordriver.pdb
c:\users\sina\desktop\hypervisor from scratch\myhypervisordriver\myhypervisordriver\x64\release\main.obj
c:\users\sina\desktop\hypervisor from scratch\myhypervisordriver\myhypervisordriver\x64\release\myhypervisordriver.inf
c:\users\sina\desktop\hypervisor from scratch\myhypervisordriver\x64\release\myhypervisordriver.cer
c:\users\sina\desktop\hypervisor from scratch\myhypervisordriver\x64\release\myhypervisordriver.inf
c:\users\sina\desktop\hypervisor from scratch\myhypervisordriver\myhypervisordriver\x64\release\myhyperv.bb17323a.tlog\cl.command.1.tlog
c:\users\sina\desktop\hypervisor from scratch\myhypervisordriver\myhypervisordriver\x64\release\myhyperv.bb17323a.tlog\cl.read.1.tlog
c:\users\sina\desktop\hypervisor from scratch\myhypervisordriver\myhypervisordriver\x64\release\myhyperv.bb17323a.tlog\cl.write.1.tlog
c:\users\sina\desktop\hypervisor from scratch\myhypervisordriver\myhypervisordriver\x64\release\myhyperv.bb17323a.tlog\inf2cat-expand.10472.read.1.tlog
c:\users\sina\desktop\hypervisor from scratch\myhypervisordriver\myhypervisordriver\x64\release\myhyperv.bb17323a.tlog\inf2cat-expand.10472.write.1.tlog
c:\users\sina\desktop\hypervisor from scratch\myhypervisordriver\myhypervisordriver\x64\release\myhyperv.bb17323a.tlog\inf2cat-expand.11248.read.1.tlog
c:\users\sina\desktop\hypervisor from scratch\myhypervisordriver\myhypervisordriver\x64\release\myhyperv.bb17323a.tlog\inf2cat-expand.11248.write.1.tlog
c:\users\sina\desktop\hypervisor from scratch\myhypervisordriver\myhypervisordriver\x64\release\myhyperv.bb17323a.tlog\inf2cat-expand.1180.read.1.tlog
c:\users\sina\desktop\hypervisor from scratch\myhypervisordriver\myhypervisordriver\x64\release\myhyperv.bb17323a.tlog\inf2cat-expand.1180.write.1.tlog
c:\users\sina\desktop\hypervisor from scratch\myhypervisordriver\myhypervisordriver\x64\release\myhyperv.bb17323a.tlog\inf2cat-expand.1888.read.1.tlog
c:\users\sina\desktop\hypervisor from scratch\myhypervisordriver\myhypervisordriver\x64\release\myhyperv.bb17323a.tlog\inf2cat-expand.1888.write.1.tlog
c:\users\sina\desktop\hypervisor from scratch\myhypervisordriver\myhypervisordriver\x64\release\myhyperv.bb17323a.tlog\inf2cat-expand.3376.read.1.tlog
c:\users\sina\desktop\hypervisor from scratch\myhypervisordriver\myhypervisordriver\x64\release\myhyperv.bb17323a.tlog\inf2cat-expand.3376.write.1.tlog
c:\users\sina\desktop\hypervisor from scratch\myhypervisordriver\myhypervisordriver\x64\release\myhyperv.bb17323a.tlog\inf2cat-expand.588.read.1.tlog
c:\users\sina\desktop\hypervisor from scratch\myhypervisordriver\myhypervisordriver\x64\release\myhyperv.bb17323a.tlog\inf2cat-expand.588.write.1.tlog
c:\users\sina\desktop\hypervisor from scratch\myhypervisordriver\myhypervisordriver\x64\release\myhyperv.bb17323a.tlog\inf2cat-expand.6068.read.1.tlog
c:\users\sina\desktop\hypervisor from scratch\myhypervisordriver\myhypervisordriver\x64\release\myhyperv.bb17323a.tlog\inf2cat-expand.6068.write.1.tlog
c:\users\sina\desktop\hypervisor from scratch\myhypervisordriver\myhypervisordriver\x64\release\myhyperv.bb17323a.tlog\inf2cat-expand.7584.read.1.tlog
c:\users\sina\desktop\hypervisor from scratch\myhypervisordriver\myhypervisordriver\x64\release\myhyperv.bb17323a.tlog\inf2cat-expand.7584.write.1.tlog
c:\users\sina\desktop\hypervisor from scratch\myhypervisordriver\myhypervisordriver\x64\release\myhyperv.bb17323a.tlog\inf2cat-expand.7848.read.1.tlog
c:\users\sina\desktop\hypervisor from scratch\myhypervisordriver\myhypervisordriver\x64\release\myhyperv.bb17323a.tlog\inf2cat-expand.7848.write.1.tlog
c:\users\sina\desktop\hypervisor from scratch\myhypervisordriver\myhypervisordriver\x64\release\myhyperv.bb17323a.tlog\inf2cat-expand.8172.read.1.tlog
c:\users\sina\desktop\hypervisor from scratch\myhypervisordriver\myhypervisordriver\x64\release\myhyperv.bb17323a.tlog\inf2cat-expand.8172.write.1.tlog
c:\users\sina\desktop\hypervisor from scratch\myhypervisordriver\myhypervisordriver\x64\release\myhyperv.bb17323a.tlog\inf2cat-expand.9532.read.1.tlog
c:\users\sina\desktop\hypervisor from scratch\myhypervisordriver\myhypervisordriver\x64\release\myhyperv.bb17323a.tlog\inf2cat-expand.9532.write.1.tlog
c:\users\sina\desktop\hypervisor from scratch\myhypervisordriver\myhypervisordriver\x64\release\myhyperv.bb17323a.tlog\inf2cat-expand.read.1.tlog
c:\users\sina\desktop\hypervisor from scratch\myhypervisordriver\myhypervisordriver\x64\release\myhyperv.bb17323a.tlog\inf2cat-expand.write.1.tlog
c:\users\sina\desktop\hypervisor from scratch\myhypervisordriver\myhypervisordriver\x64\release\myhyperv.bb17323a.tlog\inf2cat.command.1.tlog
c:\users\sina\desktop\hypervisor from scratch\myhypervisordriver\myhypervisordriver\x64\release\myhyperv.bb17323a.tlog\inf2cat.read.1.tlog
c:\users\sina\desktop\hypervisor from scratch\myhypervisordriver\myhypervisordriver\x64\release\myhyperv.bb17323a.tlog\inf2cat.write.1.tlog
c:\users\sina\desktop\hypervisor from scratch\myhypervisordriver\myhypervisordriver\x64\release\myhyperv.bb17323a.tlog\link.command.1.tlog
c:\users\sina\desktop\hypervisor from scratch\myhypervisordriver\myhypervisordriver\x64\release\myhyperv.bb17323a.tlog\link.read.1.tlog
c:\users\sina\desktop\hypervisor from scratch\myhypervisordriver\myhypervisordriver\x64\release\myhyperv.bb17323a.tlog\link.write.1.tlog
c:\users\sina\desktop\hypervisor from scratch\myhypervisordriver\myhypervisordriver\x64\release\myhyperv.bb17323a.tlog\masm.read.1u.tlog
c:\users\sina\desktop\hypervisor from scratch\myhypervisordriver\myhypervisordriver\x64\release\myhyperv.bb17323a.tlog\masm.write.1u.tlog
c:\users\sina\desktop\hypervisor from scratch\myhypervisordriver\myhypervisordriver\x64\release\myhyperv.bb17323a.tlog\signtool.command.1.tlog
c:\users\sina\desktop\hypervisor from scratch\myhypervisordriver\myhypervisordriver\x64\release\myhyperv.bb17323a.tlog\signtool.read.1.tlog
c:\users\sina\desktop\hypervisor from scratch\myhypervisordriver\myhypervisordriver\x64\release\myhyperv.bb17323a.tlog\signtool.timestamp.1.tlog
c:\users\sina\desktop\hypervisor from scratch\myhypervisordriver\myhypervisordriver\x64\release\myhyperv.bb17323a.tlog\signtool.write.1.tlog
c:\users\sina\desktop\hypervisor from scratch\myhypervisordriver\myhypervisordriver\x64\release\myhyperv.bb17323a.tlog\stampinf.command.1.tlog
c:\users\sina\desktop\hypervisor from scratch\myhypervisordriver\myhypervisordriver\x64\release\myhyperv.bb17323a.tlog\stampinf.read.1.tlog
c:\users\sina\desktop\hypervisor from scratch\myhypervisordriver\myhypervisordriver\x64\release\myhyperv.bb17323a.tlog\stampinf.write.1.tlog
