C:\Users\Sina\Desktop\Hypervisor From Scratch\MyHypervisorDriver\MyHypervisorDriver\MyHypervisorDriver.vcxproj(113,5): warning MSB4011: "C:\Program Files (x86)\Microsoft Visual Studio\2017\Professional\Common7\IDE\VC\VCTargets\BuildCustomizations\masm.props" cannot be imported again. It was already imported at "C:\Program Files (x86)\Windows Kits\10\build\WindowsDriver.Shared.props (360,3)". This is most likely a build authoring error. This subsequent import will be ignored. 
C:\Users\Sina\Desktop\Hypervisor From Scratch\MyHypervisorDriver\MyHypervisorDriver\MyHypervisorDriver.vcxproj(186,5): warning MSB4011: "C:\Program Files (x86)\Microsoft Visual Studio\2017\Professional\Common7\IDE\VC\VCTargets\BuildCustomizations\masm.targets" cannot be imported again. It was already imported at "C:\Program Files (x86)\Windows Kits\10\build\WindowsDriver.common.targets (1839,3)". This is most likely a build authoring error. This subsequent import will be ignored. 
  Building 'MyHypervisorDriver' with toolset 'WindowsKernelModeDriver10.0' and the 'Universal' target platform.
  Stamping x64\Debug\MyHypervisorDriver.inf
  Stamping [Version] section with DriverVer=09/09/2018,22.31.52.529
  Assembling Main.asm...
  Initiate.c
c:\users\sina\desktop\hypervisor from scratch\myhypervisordriver\myhypervisordriver\cpu.h(9): warning C4214: nonstandard extension used: bit field types other than int
c:\users\sina\desktop\hypervisor from scratch\myhypervisordriver\myhypervisordriver\cpu.h(10): warning C4214: nonstandard extension used: bit field types other than int
c:\users\sina\desktop\hypervisor from scratch\myhypervisordriver\myhypervisordriver\cpu.h(11): warning C4214: nonstandard extension used: bit field types other than int
c:\users\sina\desktop\hypervisor from scratch\myhypervisordriver\myhypervisordriver\cpu.h(12): warning C4214: nonstandard extension used: bit field types other than int
c:\users\sina\desktop\hypervisor from scratch\myhypervisordriver\myhypervisordriver\cpu.h(13): warning C4214: nonstandard extension used: bit field types other than int
c:\users\sina\desktop\hypervisor from scratch\myhypervisordriver\myhypervisordriver\cpu.h(14): warning C4214: nonstandard extension used: bit field types other than int
c:\users\sina\desktop\hypervisor from scratch\myhypervisordriver\myhypervisordriver\cpu.h(15): warning C4214: nonstandard extension used: bit field types other than int
c:\users\sina\desktop\hypervisor from scratch\myhypervisordriver\myhypervisordriver\cpu.h(16): warning C4214: nonstandard extension used: bit field types other than int
  Memory.c
c:\users\sina\desktop\hypervisor from scratch\myhypervisordriver\myhypervisordriver\cpu.h(9): warning C4214: nonstandard extension used: bit field types other than int
c:\users\sina\desktop\hypervisor from scratch\myhypervisordriver\myhypervisordriver\cpu.h(10): warning C4214: nonstandard extension used: bit field types other than int
c:\users\sina\desktop\hypervisor from scratch\myhypervisordriver\myhypervisordriver\cpu.h(11): warning C4214: nonstandard extension used: bit field types other than int
c:\users\sina\desktop\hypervisor from scratch\myhypervisordriver\myhypervisordriver\cpu.h(12): warning C4214: nonstandard extension used: bit field types other than int
c:\users\sina\desktop\hypervisor from scratch\myhypervisordriver\myhypervisordriver\cpu.h(13): warning C4214: nonstandard extension used: bit field types other than int
c:\users\sina\desktop\hypervisor from scratch\myhypervisordriver\myhypervisordriver\cpu.h(14): warning C4214: nonstandard extension used: bit field types other than int
c:\users\sina\desktop\hypervisor from scratch\myhypervisordriver\myhypervisordriver\cpu.h(15): warning C4214: nonstandard extension used: bit field types other than int
c:\users\sina\desktop\hypervisor from scratch\myhypervisordriver\myhypervisordriver\cpu.h(16): warning C4214: nonstandard extension used: bit field types other than int
c:\users\sina\desktop\hypervisor from scratch\myhypervisordriver\myhypervisordriver\memory.c(23): warning C4047: 'return': 'UINT64' differs in levels of indirection from 'PVOID'
c:\users\sina\desktop\hypervisor from scratch\myhypervisordriver\myhypervisordriver\memory.c(42): warning C4047: '=': 'ULONG64' differs in levels of indirection from 'BYTE *'
c:\users\sina\desktop\hypervisor from scratch\myhypervisordriver\myhypervisordriver\memory.c(36): warning C4047: 'initializing': 'BYTE *' differs in levels of indirection from 'UINT64'
  Driver.c
c:\users\sina\desktop\hypervisor from scratch\myhypervisordriver\myhypervisordriver\driver.c(8): warning C4100: 'pRegistryPath': unreferenced formal parameter
c:\users\sina\desktop\hypervisor from scratch\myhypervisordriver\myhypervisordriver\driver.c(54): warning C4100: 'DeviceObject': unreferenced formal parameter
c:\users\sina\desktop\hypervisor from scratch\myhypervisordriver\myhypervisordriver\driver.c(67): warning C4100: 'DeviceObject': unreferenced formal parameter
c:\users\sina\desktop\hypervisor from scratch\myhypervisordriver\myhypervisordriver\driver.c(78): warning C4100: 'DeviceObject': unreferenced formal parameter
c:\users\sina\desktop\hypervisor from scratch\myhypervisordriver\myhypervisordriver\driver.c(89): warning C4100: 'DeviceObject': unreferenced formal parameter
c:\users\sina\desktop\hypervisor from scratch\myhypervisordriver\myhypervisordriver\driver.c(101): warning C4100: 'DeviceObject': unreferenced formal parameter
c:\users\sina\desktop\hypervisor from scratch\myhypervisordriver\myhypervisordriver\driver.c(123): warning C4189: 'mdl': local variable is initialized but not referenced
c:\users\sina\desktop\hypervisor from scratch\myhypervisordriver\myhypervisordriver\driver.c(124): warning C4189: 'buffer': local variable is initialized but not referenced
  Generating Code...
c:\users\sina\desktop\hypervisor from scratch\myhypervisordriver\myhypervisordriver\initiate.c(52): warning C4716: 'Initiate_VMX': must return a value
Initiate.obj : error LNK2019: unresolved external symbol __CheckForDebuggerJustMyCode referenced in function Initiate_VMX
Memory.obj : error LNK2001: unresolved external symbol __CheckForDebuggerJustMyCode
Driver.obj : error LNK2001: unresolved external symbol __CheckForDebuggerJustMyCode
C:\Users\Sina\Desktop\Hypervisor From Scratch\MyHypervisorDriver\x64\Debug\MyHypervisorDriver.sys : fatal error LNK1120: 1 unresolved externals
