c:\users\sina\desktop\hypervisor from scratch\myhypervisordriver\myhypervisordriver\x64\release\vc141.pdb
c:\users\sina\desktop\hypervisor from scratch\myhypervisordriver\myhypervisordriver\x64\release\vmx.obj
c:\users\sina\desktop\hypervisor from scratch\myhypervisordriver\myhypervisordriver\x64\release\processor.obj
c:\users\sina\desktop\hypervisor from scratch\myhypervisordriver\myhypervisordriver\x64\release\driver.obj
c:\users\sina\desktop\hypervisor from scratch\myhypervisordriver\myhypervisordriver\x64\release\memory.obj
c:\users\sina\desktop\hypervisor from scratch\myhypervisordriver\myhypervisordriver\x64\release\initiate.obj
c:\users\sina\desktop\hypervisor from scratch\myhypervisordriver\x64\release\myhypervisordriver\myhypervisordriver.cat
c:\users\sina\desktop\hypervisor from scratch\myhypervisordriver\x64\release\myhypervisordriver.sys
c:\users\sina\desktop\hypervisor from scratch\myhypervisordriver\x64\release\myhypervisordriver.pdb
c:\users\sina\desktop\hypervisor from scratch\myhypervisordriver\myhypervisordriver\x64\release\main.obj
c:\users\sina\desktop\hypervisor from scratch\myhypervisordriver\myhypervisordriver\x64\release\myhypervisordriver.inf
c:\users\sina\desktop\hypervisor from scratch\myhypervisordriver\x64\release\myhypervisordriver.cer
c:\users\sina\desktop\hypervisor from scratch\myhypervisordriver\x64\release\myhypervisordriver.inf
c:\users\sina\desktop\hypervisor from scratch\myhypervisordriver\myhypervisordriver\x64\release\myhyperv.bb17323a.tlog\cl.command.1.tlog
c:\users\sina\desktop\hypervisor from scratch\myhypervisordriver\myhypervisordriver\x64\release\myhyperv.bb17323a.tlog\cl.read.1.tlog
c:\users\sina\desktop\hypervisor from scratch\myhypervisordriver\myhypervisordriver\x64\release\myhyperv.bb17323a.tlog\cl.write.1.tlog
c:\users\sina\desktop\hypervisor from scratch\myhypervisordriver\myhypervisordriver\x64\release\myhyperv.bb17323a.tlog\inf2cat-expand.10376.read.1.tlog
c:\users\sina\desktop\hypervisor from scratch\myhypervisordriver\myhypervisordriver\x64\release\myhyperv.bb17323a.tlog\inf2cat-expand.10376.write.1.tlog
c:\users\sina\desktop\hypervisor from scratch\myhypervisordriver\myhypervisordriver\x64\release\myhyperv.bb17323a.tlog\inf2cat-expand.10420.read.1.tlog
c:\users\sina\desktop\hypervisor from scratch\myhypervisordriver\myhypervisordriver\x64\release\myhyperv.bb17323a.tlog\inf2cat-expand.10420.write.1.tlog
c:\users\sina\desktop\hypervisor from scratch\myhypervisordriver\myhypervisordriver\x64\release\myhyperv.bb17323a.tlog\inf2cat-expand.11312.read.1.tlog
c:\users\sina\desktop\hypervisor from scratch\myhypervisordriver\myhypervisordriver\x64\release\myhyperv.bb17323a.tlog\inf2cat-expand.11312.write.1.tlog
c:\users\sina\desktop\hypervisor from scratch\myhypervisordriver\myhypervisordriver\x64\release\myhyperv.bb17323a.tlog\inf2cat-expand.11400.read.1.tlog
c:\users\sina\desktop\hypervisor from scratch\myhypervisordriver\myhypervisordriver\x64\release\myhyperv.bb17323a.tlog\inf2cat-expand.11400.write.1.tlog
c:\users\sina\desktop\hypervisor from scratch\myhypervisordriver\myhypervisordriver\x64\release\myhyperv.bb17323a.tlog\inf2cat-expand.11456.read.1.tlog
c:\users\sina\desktop\hypervisor from scratch\myhypervisordriver\myhypervisordriver\x64\release\myhyperv.bb17323a.tlog\inf2cat-expand.11456.write.1.tlog
c:\users\sina\desktop\hypervisor from scratch\myhypervisordriver\myhypervisordriver\x64\release\myhyperv.bb17323a.tlog\inf2cat-expand.11952.read.1.tlog
c:\users\sina\desktop\hypervisor from scratch\myhypervisordriver\myhypervisordriver\x64\release\myhyperv.bb17323a.tlog\inf2cat-expand.11952.write.1.tlog
c:\users\sina\desktop\hypervisor from scratch\myhypervisordriver\myhypervisordriver\x64\release\myhyperv.bb17323a.tlog\inf2cat-expand.12440.read.1.tlog
c:\users\sina\desktop\hypervisor from scratch\myhypervisordriver\myhypervisordriver\x64\release\myhyperv.bb17323a.tlog\inf2cat-expand.12440.write.1.tlog
c:\users\sina\desktop\hypervisor from scratch\myhypervisordriver\myhypervisordriver\x64\release\myhyperv.bb17323a.tlog\inf2cat-expand.13056.read.1.tlog
c:\users\sina\desktop\hypervisor from scratch\myhypervisordriver\myhypervisordriver\x64\release\myhyperv.bb17323a.tlog\inf2cat-expand.13056.write.1.tlog
c:\users\sina\desktop\hypervisor from scratch\myhypervisordriver\myhypervisordriver\x64\release\myhyperv.bb17323a.tlog\inf2cat-expand.13428.read.1.tlog
c:\users\sina\desktop\hypervisor from scratch\myhypervisordriver\myhypervisordriver\x64\release\myhyperv.bb17323a.tlog\inf2cat-expand.13428.write.1.tlog
c:\users\sina\desktop\hypervisor from scratch\myhypervisordriver\myhypervisordriver\x64\release\myhyperv.bb17323a.tlog\inf2cat-expand.14284.read.1.tlog
c:\users\sina\desktop\hypervisor from scratch\myhypervisordriver\myhypervisordriver\x64\release\myhyperv.bb17323a.tlog\inf2cat-expand.14284.write.1.tlog
c:\users\sina\desktop\hypervisor from scratch\myhypervisordriver\myhypervisordriver\x64\release\myhyperv.bb17323a.tlog\inf2cat-expand.14304.read.1.tlog
c:\users\sina\desktop\hypervisor from scratch\myhypervisordriver\myhypervisordriver\x64\release\myhyperv.bb17323a.tlog\inf2cat-expand.14304.write.1.tlog
c:\users\sina\desktop\hypervisor from scratch\myhypervisordriver\myhypervisordriver\x64\release\myhyperv.bb17323a.tlog\inf2cat-expand.14328.read.1.tlog
c:\users\sina\desktop\hypervisor from scratch\myhypervisordriver\myhypervisordriver\x64\release\myhyperv.bb17323a.tlog\inf2cat-expand.14328.write.1.tlog
c:\users\sina\desktop\hypervisor from scratch\myhypervisordriver\myhypervisordriver\x64\release\myhyperv.bb17323a.tlog\inf2cat-expand.1800.read.1.tlog
c:\users\sina\desktop\hypervisor from scratch\myhypervisordriver\myhypervisordriver\x64\release\myhyperv.bb17323a.tlog\inf2cat-expand.1800.write.1.tlog
c:\users\sina\desktop\hypervisor from scratch\myhypervisordriver\myhypervisordriver\x64\release\myhyperv.bb17323a.tlog\inf2cat-expand.2096.read.1.tlog
c:\users\sina\desktop\hypervisor from scratch\myhypervisordriver\myhypervisordriver\x64\release\myhyperv.bb17323a.tlog\inf2cat-expand.2096.write.1.tlog
c:\users\sina\desktop\hypervisor from scratch\myhypervisordriver\myhypervisordriver\x64\release\myhyperv.bb17323a.tlog\inf2cat-expand.2376.read.1.tlog
c:\users\sina\desktop\hypervisor from scratch\myhypervisordriver\myhypervisordriver\x64\release\myhyperv.bb17323a.tlog\inf2cat-expand.2376.write.1.tlog
c:\users\sina\desktop\hypervisor from scratch\myhypervisordriver\myhypervisordriver\x64\release\myhyperv.bb17323a.tlog\inf2cat-expand.2564.read.1.tlog
c:\users\sina\desktop\hypervisor from scratch\myhypervisordriver\myhypervisordriver\x64\release\myhyperv.bb17323a.tlog\inf2cat-expand.2564.write.1.tlog
c:\users\sina\desktop\hypervisor from scratch\myhypervisordriver\myhypervisordriver\x64\release\myhyperv.bb17323a.tlog\inf2cat-expand.2952.read.1.tlog
c:\users\sina\desktop\hypervisor from scratch\myhypervisordriver\myhypervisordriver\x64\release\myhyperv.bb17323a.tlog\inf2cat-expand.2952.write.1.tlog
c:\users\sina\desktop\hypervisor from scratch\myhypervisordriver\myhypervisordriver\x64\release\myhyperv.bb17323a.tlog\inf2cat-expand.3812.read.1.tlog
c:\users\sina\desktop\hypervisor from scratch\myhypervisordriver\myhypervisordriver\x64\release\myhyperv.bb17323a.tlog\inf2cat-expand.3812.write.1.tlog
c:\users\sina\desktop\hypervisor from scratch\myhypervisordriver\myhypervisordriver\x64\release\myhyperv.bb17323a.tlog\inf2cat-expand.4524.read.1.tlog
c:\users\sina\desktop\hypervisor from scratch\myhypervisordriver\myhypervisordriver\x64\release\myhyperv.bb17323a.tlog\inf2cat-expand.4524.write.1.tlog
c:\users\sina\desktop\hypervisor from scratch\myhypervisordriver\myhypervisordriver\x64\release\myhyperv.bb17323a.tlog\inf2cat-expand.4852.read.1.tlog
c:\users\sina\desktop\hypervisor from scratch\myhypervisordriver\myhypervisordriver\x64\release\myhyperv.bb17323a.tlog\inf2cat-expand.4852.write.1.tlog
c:\users\sina\desktop\hypervisor from scratch\myhypervisordriver\myhypervisordriver\x64\release\myhyperv.bb17323a.tlog\inf2cat-expand.4992.read.1.tlog
c:\users\sina\desktop\hypervisor from scratch\myhypervisordriver\myhypervisordriver\x64\release\myhyperv.bb17323a.tlog\inf2cat-expand.4992.write.1.tlog
c:\users\sina\desktop\hypervisor from scratch\myhypervisordriver\myhypervisordriver\x64\release\myhyperv.bb17323a.tlog\inf2cat-expand.6228.read.1.tlog
c:\users\sina\desktop\hypervisor from scratch\myhypervisordriver\myhypervisordriver\x64\release\myhyperv.bb17323a.tlog\inf2cat-expand.6228.write.1.tlog
c:\users\sina\desktop\hypervisor from scratch\myhypervisordriver\myhypervisordriver\x64\release\myhyperv.bb17323a.tlog\inf2cat-expand.7048.read.1.tlog
c:\users\sina\desktop\hypervisor from scratch\myhypervisordriver\myhypervisordriver\x64\release\myhyperv.bb17323a.tlog\inf2cat-expand.7048.write.1.tlog
c:\users\sina\desktop\hypervisor from scratch\myhypervisordriver\myhypervisordriver\x64\release\myhyperv.bb17323a.tlog\inf2cat-expand.8156.read.1.tlog
c:\users\sina\desktop\hypervisor from scratch\myhypervisordriver\myhypervisordriver\x64\release\myhyperv.bb17323a.tlog\inf2cat-expand.8156.write.1.tlog
c:\users\sina\desktop\hypervisor from scratch\myhypervisordriver\myhypervisordriver\x64\release\myhyperv.bb17323a.tlog\inf2cat-expand.8408.read.1.tlog
c:\users\sina\desktop\hypervisor from scratch\myhypervisordriver\myhypervisordriver\x64\release\myhyperv.bb17323a.tlog\inf2cat-expand.8408.write.1.tlog
c:\users\sina\desktop\hypervisor from scratch\myhypervisordriver\myhypervisordriver\x64\release\myhyperv.bb17323a.tlog\inf2cat-expand.8460.read.1.tlog
c:\users\sina\desktop\hypervisor from scratch\myhypervisordriver\myhypervisordriver\x64\release\myhyperv.bb17323a.tlog\inf2cat-expand.8460.write.1.tlog
c:\users\sina\desktop\hypervisor from scratch\myhypervisordriver\myhypervisordriver\x64\release\myhyperv.bb17323a.tlog\inf2cat-expand.8572.read.1.tlog
c:\users\sina\desktop\hypervisor from scratch\myhypervisordriver\myhypervisordriver\x64\release\myhyperv.bb17323a.tlog\inf2cat-expand.8572.write.1.tlog
c:\users\sina\desktop\hypervisor from scratch\myhypervisordriver\myhypervisordriver\x64\release\myhyperv.bb17323a.tlog\inf2cat-expand.9208.read.1.tlog
c:\users\sina\desktop\hypervisor from scratch\myhypervisordriver\myhypervisordriver\x64\release\myhyperv.bb17323a.tlog\inf2cat-expand.9208.write.1.tlog
c:\users\sina\desktop\hypervisor from scratch\myhypervisordriver\myhypervisordriver\x64\release\myhyperv.bb17323a.tlog\inf2cat-expand.9324.read.1.tlog
c:\users\sina\desktop\hypervisor from scratch\myhypervisordriver\myhypervisordriver\x64\release\myhyperv.bb17323a.tlog\inf2cat-expand.9324.write.1.tlog
c:\users\sina\desktop\hypervisor from scratch\myhypervisordriver\myhypervisordriver\x64\release\myhyperv.bb17323a.tlog\inf2cat-expand.9784.read.1.tlog
c:\users\sina\desktop\hypervisor from scratch\myhypervisordriver\myhypervisordriver\x64\release\myhyperv.bb17323a.tlog\inf2cat-expand.9784.write.1.tlog
c:\users\sina\desktop\hypervisor from scratch\myhypervisordriver\myhypervisordriver\x64\release\myhyperv.bb17323a.tlog\inf2cat-expand.read.1.tlog
c:\users\sina\desktop\hypervisor from scratch\myhypervisordriver\myhypervisordriver\x64\release\myhyperv.bb17323a.tlog\inf2cat-expand.write.1.tlog
c:\users\sina\desktop\hypervisor from scratch\myhypervisordriver\myhypervisordriver\x64\release\myhyperv.bb17323a.tlog\inf2cat.command.1.tlog
c:\users\sina\desktop\hypervisor from scratch\myhypervisordriver\myhypervisordriver\x64\release\myhyperv.bb17323a.tlog\inf2cat.read.1.tlog
c:\users\sina\desktop\hypervisor from scratch\myhypervisordriver\myhypervisordriver\x64\release\myhyperv.bb17323a.tlog\inf2cat.write.1.tlog
c:\users\sina\desktop\hypervisor from scratch\myhypervisordriver\myhypervisordriver\x64\release\myhyperv.bb17323a.tlog\link.command.1.tlog
c:\users\sina\desktop\hypervisor from scratch\myhypervisordriver\myhypervisordriver\x64\release\myhyperv.bb17323a.tlog\link.read.1.tlog
c:\users\sina\desktop\hypervisor from scratch\myhypervisordriver\myhypervisordriver\x64\release\myhyperv.bb17323a.tlog\link.write.1.tlog
c:\users\sina\desktop\hypervisor from scratch\myhypervisordriver\myhypervisordriver\x64\release\myhyperv.bb17323a.tlog\masm.read.1u.tlog
c:\users\sina\desktop\hypervisor from scratch\myhypervisordriver\myhypervisordriver\x64\release\myhyperv.bb17323a.tlog\masm.write.1u.tlog
c:\users\sina\desktop\hypervisor from scratch\myhypervisordriver\myhypervisordriver\x64\release\myhyperv.bb17323a.tlog\signtool.command.1.tlog
c:\users\sina\desktop\hypervisor from scratch\myhypervisordriver\myhypervisordriver\x64\release\myhyperv.bb17323a.tlog\signtool.read.1.tlog
c:\users\sina\desktop\hypervisor from scratch\myhypervisordriver\myhypervisordriver\x64\release\myhyperv.bb17323a.tlog\signtool.timestamp.1.tlog
c:\users\sina\desktop\hypervisor from scratch\myhypervisordriver\myhypervisordriver\x64\release\myhyperv.bb17323a.tlog\signtool.write.1.tlog
c:\users\sina\desktop\hypervisor from scratch\myhypervisordriver\myhypervisordriver\x64\release\myhyperv.bb17323a.tlog\stampinf.command.1.tlog
c:\users\sina\desktop\hypervisor from scratch\myhypervisordriver\myhypervisordriver\x64\release\myhyperv.bb17323a.tlog\stampinf.read.1.tlog
c:\users\sina\desktop\hypervisor from scratch\myhypervisordriver\myhypervisordriver\x64\release\myhyperv.bb17323a.tlog\stampinf.write.1.tlog
