C:\Users\Sina\Desktop\Hypervisor\MyHypervisorDriver\MyHypervisorDriver\MyHypervisorDriver.vcxproj(113,5): warning MSB4011: "C:\Program Files (x86)\Microsoft Visual Studio\2017\Professional\Common7\IDE\VC\VCTargets\BuildCustomizations\masm.props" cannot be imported again. It was already imported at "C:\Program Files (x86)\Windows Kits\10\build\WindowsDriver.Shared.props (360,3)". This is most likely a build authoring error. This subsequent import will be ignored. 
C:\Users\Sina\Desktop\Hypervisor\MyHypervisorDriver\MyHypervisorDriver\MyHypervisorDriver.vcxproj(181,5): warning MSB4011: "C:\Program Files (x86)\Microsoft Visual Studio\2017\Professional\Common7\IDE\VC\VCTargets\BuildCustomizations\masm.targets" cannot be imported again. It was already imported at "C:\Program Files (x86)\Windows Kits\10\build\WindowsDriver.common.targets (1839,3)". This is most likely a build authoring error. This subsequent import will be ignored. 
  Building 'MyHypervisorDriver' with toolset 'WindowsKernelModeDriver10.0' and the 'Universal' target platform.
  Stamping x64\Release\MyHypervisorDriver.inf
  Stamping [Version] section with DriverVer=09/04/2018,1.8.36.87
  Assembling SourceAsm.asm...
  Source.c
c:\users\sina\desktop\hypervisor\myhypervisordriver\myhypervisordriver\source.c(7): warning C4100: 'pRegistryPath': unreferenced formal parameter
c:\users\sina\desktop\hypervisor\myhypervisordriver\myhypervisordriver\source.c(49): warning C4100: 'Irp': unreferenced formal parameter
c:\users\sina\desktop\hypervisor\myhypervisordriver\myhypervisordriver\source.c(49): warning C4100: 'DeviceObject': unreferenced formal parameter
c:\users\sina\desktop\hypervisor\myhypervisordriver\myhypervisordriver\source.c(56): warning C4100: 'Irp': unreferenced formal parameter
c:\users\sina\desktop\hypervisor\myhypervisordriver\myhypervisordriver\source.c(56): warning C4100: 'DeviceObject': unreferenced formal parameter
c:\users\sina\desktop\hypervisor\myhypervisordriver\myhypervisordriver\source.c(62): warning C4100: 'Irp': unreferenced formal parameter
c:\users\sina\desktop\hypervisor\myhypervisordriver\myhypervisordriver\source.c(62): warning C4100: 'DeviceObject': unreferenced formal parameter
c:\users\sina\desktop\hypervisor\myhypervisordriver\myhypervisordriver\source.c(68): warning C4100: 'Irp': unreferenced formal parameter
c:\users\sina\desktop\hypervisor\myhypervisordriver\myhypervisordriver\source.c(68): warning C4100: 'DeviceObject': unreferenced formal parameter
c:\users\sina\desktop\hypervisor\myhypervisordriver\myhypervisordriver\source.c(75): warning C4100: 'Irp': unreferenced formal parameter
c:\users\sina\desktop\hypervisor\myhypervisordriver\myhypervisordriver\source.c(75): warning C4100: 'DeviceObject': unreferenced formal parameter
c:\users\sina\desktop\hypervisor\myhypervisordriver\myhypervisordriver\source.c(92): warning C4189: 'mdl': local variable is initialized but not referenced
c:\users\sina\desktop\hypervisor\myhypervisordriver\myhypervisordriver\source.c(93): warning C4189: 'buffer': local variable is initialized but not referenced
  MyHypervisorDriver.vcxproj -> C:\Users\Sina\Desktop\Hypervisor\MyHypervisorDriver\x64\Release\MyHypervisorDriver.sys
C:\Users\Sina\Desktop\Hypervisor\MyHypervisorDriver\MyHypervisorDriver\MyHypervisorDriver.vcxproj(113,5): warning MSB4011: "C:\Program Files (x86)\Microsoft Visual Studio\2017\Professional\Common7\IDE\VC\VCTargets\BuildCustomizations\masm.props" cannot be imported again. It was already imported at "C:\Program Files (x86)\Windows Kits\10\build\WindowsDriver.Shared.props (360,3)". This is most likely a build authoring error. This subsequent import will be ignored. 
C:\Users\Sina\Desktop\Hypervisor\MyHypervisorDriver\MyHypervisorDriver\MyHypervisorDriver.vcxproj(181,5): warning MSB4011: "C:\Program Files (x86)\Microsoft Visual Studio\2017\Professional\Common7\IDE\VC\VCTargets\BuildCustomizations\masm.targets" cannot be imported again. It was already imported at "C:\Program Files (x86)\Windows Kits\10\build\WindowsDriver.common.targets (1839,3)". This is most likely a build authoring error. This subsequent import will be ignored. 
  Done Adding Additional Store
  Successfully signed: C:\Users\Sina\Desktop\Hypervisor\MyHypervisorDriver\x64\Release\MyHypervisorDriver.sys
  
  Driver is a Universal Driver.
  ........................
  Signability test complete.
  
  Errors:
  None
  
  Warnings:
  None
  
  Catalog generation complete.
  C:\Users\Sina\Desktop\Hypervisor\MyHypervisorDriver\x64\Release\MyHypervisorDriver\myhypervisordriver.cat
C:\Users\Sina\Desktop\Hypervisor\MyHypervisorDriver\MyHypervisorDriver\MyHypervisorDriver.vcxproj(113,5): warning MSB4011: "C:\Program Files (x86)\Microsoft Visual Studio\2017\Professional\Common7\IDE\VC\VCTargets\BuildCustomizations\masm.props" cannot be imported again. It was already imported at "C:\Program Files (x86)\Windows Kits\10\build\WindowsDriver.Shared.props (360,3)". This is most likely a build authoring error. This subsequent import will be ignored. 
C:\Users\Sina\Desktop\Hypervisor\MyHypervisorDriver\MyHypervisorDriver\MyHypervisorDriver.vcxproj(181,5): warning MSB4011: "C:\Program Files (x86)\Microsoft Visual Studio\2017\Professional\Common7\IDE\VC\VCTargets\BuildCustomizations\masm.targets" cannot be imported again. It was already imported at "C:\Program Files (x86)\Windows Kits\10\build\WindowsDriver.common.targets (1839,3)". This is most likely a build authoring error. This subsequent import will be ignored. 
  Done Adding Additional Store
  Successfully signed: C:\Users\Sina\Desktop\Hypervisor\MyHypervisorDriver\x64\Release\MyHypervisorDriver\myhypervisordriver.cat
  
