c:\users\sina\desktop\hypervisor\myhypervisordriver\myhypervisordriver\x64\release\vc141.pdb
c:\users\sina\desktop\hypervisor\myhypervisordriver\myhypervisordriver\x64\release\source.obj
c:\users\sina\desktop\hypervisor\myhypervisordriver\x64\release\myhypervisordriver\myhypervisordriver.cat
c:\users\sina\desktop\hypervisor\myhypervisordriver\x64\release\myhypervisordriver.sys
c:\users\sina\desktop\hypervisor\myhypervisordriver\x64\release\myhypervisordriver.pdb
c:\users\sina\desktop\hypervisor\myhypervisordriver\myhypervisordriver\x64\release\sourceasm.obj
c:\users\sina\desktop\hypervisor\myhypervisordriver\myhypervisordriver\x64\release\myhypervisordriver.inf
c:\users\sina\desktop\hypervisor\myhypervisordriver\x64\release\myhypervisordriver.cer
c:\users\sina\desktop\hypervisor\myhypervisordriver\x64\release\myhypervisordriver.inf
c:\users\sina\desktop\hypervisor\myhypervisordriver\myhypervisordriver\x64\release\source1.obj
c:\users\sina\desktop\hypervisor\myhypervisordriver\myhypervisordriver\x64\release\vc140.pdb
c:\users\sina\desktop\hypervisor\myhypervisordriver\myhypervisordriver\x64\release\myhyperv.bb17323a.tlog\cl.command.1.tlog
c:\users\sina\desktop\hypervisor\myhypervisordriver\myhypervisordriver\x64\release\myhyperv.bb17323a.tlog\cl.read.1.tlog
c:\users\sina\desktop\hypervisor\myhypervisordriver\myhypervisordriver\x64\release\myhyperv.bb17323a.tlog\cl.write.1.tlog
c:\users\sina\desktop\hypervisor\myhypervisordriver\myhypervisordriver\x64\release\myhyperv.bb17323a.tlog\inf2cat-expand.1904.read.1.tlog
c:\users\sina\desktop\hypervisor\myhypervisordriver\myhypervisordriver\x64\release\myhyperv.bb17323a.tlog\inf2cat-expand.1904.write.1.tlog
c:\users\sina\desktop\hypervisor\myhypervisordriver\myhypervisordriver\x64\release\myhyperv.bb17323a.tlog\inf2cat-expand.1948.read.1.tlog
c:\users\sina\desktop\hypervisor\myhypervisordriver\myhypervisordriver\x64\release\myhyperv.bb17323a.tlog\inf2cat-expand.1948.write.1.tlog
c:\users\sina\desktop\hypervisor\myhypervisordriver\myhypervisordriver\x64\release\myhyperv.bb17323a.tlog\inf2cat-expand.4312.read.1.tlog
c:\users\sina\desktop\hypervisor\myhypervisordriver\myhypervisordriver\x64\release\myhyperv.bb17323a.tlog\inf2cat-expand.4312.write.1.tlog
c:\users\sina\desktop\hypervisor\myhypervisordriver\myhypervisordriver\x64\release\myhyperv.bb17323a.tlog\inf2cat-expand.4516.read.1.tlog
c:\users\sina\desktop\hypervisor\myhypervisordriver\myhypervisordriver\x64\release\myhyperv.bb17323a.tlog\inf2cat-expand.4516.write.1.tlog
c:\users\sina\desktop\hypervisor\myhypervisordriver\myhypervisordriver\x64\release\myhyperv.bb17323a.tlog\inf2cat-expand.9072.read.1.tlog
c:\users\sina\desktop\hypervisor\myhypervisordriver\myhypervisordriver\x64\release\myhyperv.bb17323a.tlog\inf2cat-expand.9072.write.1.tlog
c:\users\sina\desktop\hypervisor\myhypervisordriver\myhypervisordriver\x64\release\myhyperv.bb17323a.tlog\inf2cat-expand.read.1.tlog
c:\users\sina\desktop\hypervisor\myhypervisordriver\myhypervisordriver\x64\release\myhyperv.bb17323a.tlog\inf2cat-expand.write.1.tlog
c:\users\sina\desktop\hypervisor\myhypervisordriver\myhypervisordriver\x64\release\myhyperv.bb17323a.tlog\inf2cat.command.1.tlog
c:\users\sina\desktop\hypervisor\myhypervisordriver\myhypervisordriver\x64\release\myhyperv.bb17323a.tlog\inf2cat.read.1.tlog
c:\users\sina\desktop\hypervisor\myhypervisordriver\myhypervisordriver\x64\release\myhyperv.bb17323a.tlog\inf2cat.write.1.tlog
c:\users\sina\desktop\hypervisor\myhypervisordriver\myhypervisordriver\x64\release\myhyperv.bb17323a.tlog\link.command.1.tlog
c:\users\sina\desktop\hypervisor\myhypervisordriver\myhypervisordriver\x64\release\myhyperv.bb17323a.tlog\link.read.1.tlog
c:\users\sina\desktop\hypervisor\myhypervisordriver\myhypervisordriver\x64\release\myhyperv.bb17323a.tlog\link.write.1.tlog
c:\users\sina\desktop\hypervisor\myhypervisordriver\myhypervisordriver\x64\release\myhyperv.bb17323a.tlog\masm.read.1u.tlog
c:\users\sina\desktop\hypervisor\myhypervisordriver\myhypervisordriver\x64\release\myhyperv.bb17323a.tlog\masm.write.1u.tlog
c:\users\sina\desktop\hypervisor\myhypervisordriver\myhypervisordriver\x64\release\myhyperv.bb17323a.tlog\myhypervisordriver.write.1u.tlog
c:\users\sina\desktop\hypervisor\myhypervisordriver\myhypervisordriver\x64\release\myhyperv.bb17323a.tlog\signtool.command.1.tlog
c:\users\sina\desktop\hypervisor\myhypervisordriver\myhypervisordriver\x64\release\myhyperv.bb17323a.tlog\signtool.read.1.tlog
c:\users\sina\desktop\hypervisor\myhypervisordriver\myhypervisordriver\x64\release\myhyperv.bb17323a.tlog\signtool.timestamp.1.tlog
c:\users\sina\desktop\hypervisor\myhypervisordriver\myhypervisordriver\x64\release\myhyperv.bb17323a.tlog\signtool.write.1.tlog
c:\users\sina\desktop\hypervisor\myhypervisordriver\myhypervisordriver\x64\release\myhyperv.bb17323a.tlog\stampinf.command.1.tlog
c:\users\sina\desktop\hypervisor\myhypervisordriver\myhypervisordriver\x64\release\myhyperv.bb17323a.tlog\stampinf.read.1.tlog
c:\users\sina\desktop\hypervisor\myhypervisordriver\myhypervisordriver\x64\release\myhyperv.bb17323a.tlog\stampinf.write.1.tlog
