  MyHypervisorApp.cpp
c:\users\sina\desktop\hypervisor\myhypervisorapp\myhypervisorapp\myhypervisorapp.cpp(24): error C4235: nonstandard extension used: '__asm' keyword not supported on this architecture
c:\users\sina\desktop\hypervisor\myhypervisorapp\myhypervisorapp\myhypervisorapp.cpp(27): error C2065: 'XOR': undeclared identifier
c:\users\sina\desktop\hypervisor\myhypervisorapp\myhypervisorapp\myhypervisorapp.cpp(27): error C2146: syntax error: missing ';' before identifier 'EAX'
c:\users\sina\desktop\hypervisor\myhypervisorapp\myhypervisorapp\myhypervisorapp.cpp(27): error C2065: 'EAX': undeclared identifier
c:\users\sina\desktop\hypervisor\myhypervisorapp\myhypervisorapp\myhypervisorapp.cpp(28): error C2065: 'EAX': undeclared identifier
c:\users\sina\desktop\hypervisor\myhypervisorapp\myhypervisorapp\myhypervisorapp.cpp(30): error C2146: syntax error: missing ';' before identifier 'CPUID'
c:\users\sina\desktop\hypervisor\myhypervisorapp\myhypervisorapp\myhypervisorapp.cpp(30): error C2065: 'CPUID': undeclared identifier
c:\users\sina\desktop\hypervisor\myhypervisorapp\myhypervisorapp\myhypervisorapp.cpp(30): error C2146: syntax error: missing ';' before identifier 'MOV'
c:\users\sina\desktop\hypervisor\myhypervisorapp\myhypervisorapp\myhypervisorapp.cpp(30): error C2065: 'MOV': undeclared identifier
c:\users\sina\desktop\hypervisor\myhypervisorapp\myhypervisorapp\myhypervisorapp.cpp(30): error C2146: syntax error: missing ';' before identifier 'EAX'
c:\users\sina\desktop\hypervisor\myhypervisorapp\myhypervisorapp\myhypervisorapp.cpp(30): error C2065: 'EAX': undeclared identifier
c:\users\sina\desktop\hypervisor\myhypervisorapp\myhypervisorapp\myhypervisorapp.cpp(31): error C2065: 'EBX': undeclared identifier
c:\users\sina\desktop\hypervisor\myhypervisorapp\myhypervisorapp\myhypervisorapp.cpp(31): error C2146: syntax error: missing ';' before identifier 'MOV'
c:\users\sina\desktop\hypervisor\myhypervisorapp\myhypervisorapp\myhypervisorapp.cpp(31): error C2065: 'MOV': undeclared identifier
c:\users\sina\desktop\hypervisor\myhypervisorapp\myhypervisorapp\myhypervisorapp.cpp(31): error C2146: syntax error: missing ';' before identifier 'SysType'
c:\users\sina\desktop\hypervisor\myhypervisorapp\myhypervisorapp\myhypervisorapp.cpp(32): error C2065: 'al': undeclared identifier
c:\users\sina\desktop\hypervisor\myhypervisorapp\myhypervisorapp\myhypervisorapp.cpp(32): error C2146: syntax error: missing ';' before identifier 'MOV'
c:\users\sina\desktop\hypervisor\myhypervisorapp\myhypervisorapp\myhypervisorapp.cpp(32): error C2065: 'MOV': undeclared identifier
c:\users\sina\desktop\hypervisor\myhypervisorapp\myhypervisorapp\myhypervisorapp.cpp(32): error C2146: syntax error: missing ';' before identifier 'SysType'
c:\users\sina\desktop\hypervisor\myhypervisorapp\myhypervisorapp\myhypervisorapp.cpp(33): error C2065: 'ah': undeclared identifier
c:\users\sina\desktop\hypervisor\myhypervisorapp\myhypervisorapp\myhypervisorapp.cpp(33): error C2146: syntax error: missing ';' before identifier 'SHR'
c:\users\sina\desktop\hypervisor\myhypervisorapp\myhypervisorapp\myhypervisorapp.cpp(33): error C2065: 'SHR': undeclared identifier
c:\users\sina\desktop\hypervisor\myhypervisorapp\myhypervisorapp\myhypervisorapp.cpp(33): error C2146: syntax error: missing ';' before identifier 'EAX'
c:\users\sina\desktop\hypervisor\myhypervisorapp\myhypervisorapp\myhypervisorapp.cpp(33): error C2065: 'EAX': undeclared identifier
c:\users\sina\desktop\hypervisor\myhypervisorapp\myhypervisorapp\myhypervisorapp.cpp(34): error C2146: syntax error: missing ';' before identifier 'MOV'
c:\users\sina\desktop\hypervisor\myhypervisorapp\myhypervisorapp\myhypervisorapp.cpp(34): error C2065: 'MOV': undeclared identifier
c:\users\sina\desktop\hypervisor\myhypervisorapp\myhypervisorapp\myhypervisorapp.cpp(34): error C2146: syntax error: missing ';' before identifier 'SysType'
c:\users\sina\desktop\hypervisor\myhypervisorapp\myhypervisorapp\myhypervisorapp.cpp(35): error C2065: 'al': undeclared identifier
c:\users\sina\desktop\hypervisor\myhypervisorapp\myhypervisorapp\myhypervisorapp.cpp(35): error C2146: syntax error: missing ';' before identifier 'MOV'
c:\users\sina\desktop\hypervisor\myhypervisorapp\myhypervisorapp\myhypervisorapp.cpp(35): error C2065: 'MOV': undeclared identifier
c:\users\sina\desktop\hypervisor\myhypervisorapp\myhypervisorapp\myhypervisorapp.cpp(35): error C2146: syntax error: missing ';' before identifier 'SysType'
c:\users\sina\desktop\hypervisor\myhypervisorapp\myhypervisorapp\myhypervisorapp.cpp(37): error C2065: 'ah': undeclared identifier
c:\users\sina\desktop\hypervisor\myhypervisorapp\myhypervisorapp\myhypervisorapp.cpp(37): error C2146: syntax error: missing ';' before identifier 'MOV'
c:\users\sina\desktop\hypervisor\myhypervisorapp\myhypervisorapp\myhypervisorapp.cpp(37): error C2065: 'MOV': undeclared identifier
c:\users\sina\desktop\hypervisor\myhypervisorapp\myhypervisorapp\myhypervisorapp.cpp(37): error C2146: syntax error: missing ';' before identifier 'EAX'
c:\users\sina\desktop\hypervisor\myhypervisorapp\myhypervisorapp\myhypervisorapp.cpp(37): error C2065: 'EAX': undeclared identifier
c:\users\sina\desktop\hypervisor\myhypervisorapp\myhypervisorapp\myhypervisorapp.cpp(38): error C2065: 'EDX': undeclared identifier
c:\users\sina\desktop\hypervisor\myhypervisorapp\myhypervisorapp\myhypervisorapp.cpp(38): error C2146: syntax error: missing ';' before identifier 'MOV'
c:\users\sina\desktop\hypervisor\myhypervisorapp\myhypervisorapp\myhypervisorapp.cpp(38): error C2065: 'MOV': undeclared identifier
c:\users\sina\desktop\hypervisor\myhypervisorapp\myhypervisorapp\myhypervisorapp.cpp(38): error C2146: syntax error: missing ';' before identifier 'SysType'
c:\users\sina\desktop\hypervisor\myhypervisorapp\myhypervisorapp\myhypervisorapp.cpp(39): error C2065: 'al': undeclared identifier
c:\users\sina\desktop\hypervisor\myhypervisorapp\myhypervisorapp\myhypervisorapp.cpp(39): error C2146: syntax error: missing ';' before identifier 'MOV'
c:\users\sina\desktop\hypervisor\myhypervisorapp\myhypervisorapp\myhypervisorapp.cpp(39): error C2065: 'MOV': undeclared identifier
c:\users\sina\desktop\hypervisor\myhypervisorapp\myhypervisorapp\myhypervisorapp.cpp(39): error C2146: syntax error: missing ';' before identifier 'SysType'
c:\users\sina\desktop\hypervisor\myhypervisorapp\myhypervisorapp\myhypervisorapp.cpp(40): error C2065: 'ah': undeclared identifier
c:\users\sina\desktop\hypervisor\myhypervisorapp\myhypervisorapp\myhypervisorapp.cpp(40): error C2146: syntax error: missing ';' before identifier 'SHR'
c:\users\sina\desktop\hypervisor\myhypervisorapp\myhypervisorapp\myhypervisorapp.cpp(40): error C2065: 'SHR': undeclared identifier
c:\users\sina\desktop\hypervisor\myhypervisorapp\myhypervisorapp\myhypervisorapp.cpp(40): error C2146: syntax error: missing ';' before identifier 'EAX'
c:\users\sina\desktop\hypervisor\myhypervisorapp\myhypervisorapp\myhypervisorapp.cpp(40): error C2065: 'EAX': undeclared identifier
c:\users\sina\desktop\hypervisor\myhypervisorapp\myhypervisorapp\myhypervisorapp.cpp(41): error C2146: syntax error: missing ';' before identifier 'MOV'
c:\users\sina\desktop\hypervisor\myhypervisorapp\myhypervisorapp\myhypervisorapp.cpp(41): error C2065: 'MOV': undeclared identifier
c:\users\sina\desktop\hypervisor\myhypervisorapp\myhypervisorapp\myhypervisorapp.cpp(41): error C2146: syntax error: missing ';' before identifier 'SysType'
c:\users\sina\desktop\hypervisor\myhypervisorapp\myhypervisorapp\myhypervisorapp.cpp(42): error C2065: 'al': undeclared identifier
c:\users\sina\desktop\hypervisor\myhypervisorapp\myhypervisorapp\myhypervisorapp.cpp(42): error C2146: syntax error: missing ';' before identifier 'MOV'
c:\users\sina\desktop\hypervisor\myhypervisorapp\myhypervisorapp\myhypervisorapp.cpp(42): error C2065: 'MOV': undeclared identifier
c:\users\sina\desktop\hypervisor\myhypervisorapp\myhypervisorapp\myhypervisorapp.cpp(42): error C2146: syntax error: missing ';' before identifier 'SysType'
c:\users\sina\desktop\hypervisor\myhypervisorapp\myhypervisorapp\myhypervisorapp.cpp(44): error C2065: 'ah': undeclared identifier
c:\users\sina\desktop\hypervisor\myhypervisorapp\myhypervisorapp\myhypervisorapp.cpp(44): error C2146: syntax error: missing ';' before identifier 'MOV'
c:\users\sina\desktop\hypervisor\myhypervisorapp\myhypervisorapp\myhypervisorapp.cpp(44): error C2065: 'MOV': undeclared identifier
c:\users\sina\desktop\hypervisor\myhypervisorapp\myhypervisorapp\myhypervisorapp.cpp(44): error C2146: syntax error: missing ';' before identifier 'EAX'
c:\users\sina\desktop\hypervisor\myhypervisorapp\myhypervisorapp\myhypervisorapp.cpp(44): error C2065: 'EAX': undeclared identifier
c:\users\sina\desktop\hypervisor\myhypervisorapp\myhypervisorapp\myhypervisorapp.cpp(45): error C2065: 'ECX': undeclared identifier
c:\users\sina\desktop\hypervisor\myhypervisorapp\myhypervisorapp\myhypervisorapp.cpp(45): error C2146: syntax error: missing ';' before identifier 'MOV'
c:\users\sina\desktop\hypervisor\myhypervisorapp\myhypervisorapp\myhypervisorapp.cpp(45): error C2065: 'MOV': undeclared identifier
c:\users\sina\desktop\hypervisor\myhypervisorapp\myhypervisorapp\myhypervisorapp.cpp(45): error C2146: syntax error: missing ';' before identifier 'SysType'
c:\users\sina\desktop\hypervisor\myhypervisorapp\myhypervisorapp\myhypervisorapp.cpp(46): error C2065: 'al': undeclared identifier
c:\users\sina\desktop\hypervisor\myhypervisorapp\myhypervisorapp\myhypervisorapp.cpp(46): error C2146: syntax error: missing ';' before identifier 'MOV'
c:\users\sina\desktop\hypervisor\myhypervisorapp\myhypervisorapp\myhypervisorapp.cpp(46): error C2065: 'MOV': undeclared identifier
c:\users\sina\desktop\hypervisor\myhypervisorapp\myhypervisorapp\myhypervisorapp.cpp(46): error C2146: syntax error: missing ';' before identifier 'SysType'
c:\users\sina\desktop\hypervisor\myhypervisorapp\myhypervisorapp\myhypervisorapp.cpp(47): error C2065: 'ah': undeclared identifier
c:\users\sina\desktop\hypervisor\myhypervisorapp\myhypervisorapp\myhypervisorapp.cpp(47): error C2146: syntax error: missing ';' before identifier 'SHR'
c:\users\sina\desktop\hypervisor\myhypervisorapp\myhypervisorapp\myhypervisorapp.cpp(47): error C2065: 'SHR': undeclared identifier
c:\users\sina\desktop\hypervisor\myhypervisorapp\myhypervisorapp\myhypervisorapp.cpp(47): error C2146: syntax error: missing ';' before identifier 'EAX'
c:\users\sina\desktop\hypervisor\myhypervisorapp\myhypervisorapp\myhypervisorapp.cpp(47): error C2065: 'EAX': undeclared identifier
c:\users\sina\desktop\hypervisor\myhypervisorapp\myhypervisorapp\myhypervisorapp.cpp(48): error C2146: syntax error: missing ';' before identifier 'MOV'
c:\users\sina\desktop\hypervisor\myhypervisorapp\myhypervisorapp\myhypervisorapp.cpp(48): error C2065: 'MOV': undeclared identifier
c:\users\sina\desktop\hypervisor\myhypervisorapp\myhypervisorapp\myhypervisorapp.cpp(48): error C2146: syntax error: missing ';' before identifier 'SysType'
c:\users\sina\desktop\hypervisor\myhypervisorapp\myhypervisorapp\myhypervisorapp.cpp(49): error C2065: 'al': undeclared identifier
c:\users\sina\desktop\hypervisor\myhypervisorapp\myhypervisorapp\myhypervisorapp.cpp(49): error C2146: syntax error: missing ';' before identifier 'MOV'
c:\users\sina\desktop\hypervisor\myhypervisorapp\myhypervisorapp\myhypervisorapp.cpp(49): error C2065: 'MOV': undeclared identifier
c:\users\sina\desktop\hypervisor\myhypervisorapp\myhypervisorapp\myhypervisorapp.cpp(49): error C2146: syntax error: missing ';' before identifier 'SysType'
c:\users\sina\desktop\hypervisor\myhypervisorapp\myhypervisorapp\myhypervisorapp.cpp(50): error C2065: 'ah': undeclared identifier
c:\users\sina\desktop\hypervisor\myhypervisorapp\myhypervisorapp\myhypervisorapp.cpp(50): error C2146: syntax error: missing ';' before identifier 'MOV'
c:\users\sina\desktop\hypervisor\myhypervisorapp\myhypervisorapp\myhypervisorapp.cpp(50): error C2065: 'MOV': undeclared identifier
c:\users\sina\desktop\hypervisor\myhypervisorapp\myhypervisorapp\myhypervisorapp.cpp(50): error C2146: syntax error: missing ';' before identifier 'SysType'
c:\users\sina\desktop\hypervisor\myhypervisorapp\myhypervisorapp\myhypervisorapp.cpp(51): error C2143: syntax error: missing ';' before '}'
c:\users\sina\desktop\hypervisor\myhypervisorapp\myhypervisorapp\myhypervisorapp.cpp(61): error C4235: nonstandard extension used: '__asm' keyword not supported on this architecture
c:\users\sina\desktop\hypervisor\myhypervisorapp\myhypervisorapp\myhypervisorapp.cpp(62): error C2065: 'xor': undeclared identifier
c:\users\sina\desktop\hypervisor\myhypervisorapp\myhypervisorapp\myhypervisorapp.cpp(62): error C2146: syntax error: missing ';' before identifier 'eax'
c:\users\sina\desktop\hypervisor\myhypervisorapp\myhypervisorapp\myhypervisorapp.cpp(62): error C2065: 'eax': undeclared identifier
c:\users\sina\desktop\hypervisor\myhypervisorapp\myhypervisorapp\myhypervisorapp.cpp(63): error C2065: 'eax': undeclared identifier
c:\users\sina\desktop\hypervisor\myhypervisorapp\myhypervisorapp\myhypervisorapp.cpp(63): error C2146: syntax error: missing ';' before identifier 'inc'
c:\users\sina\desktop\hypervisor\myhypervisorapp\myhypervisorapp\myhypervisorapp.cpp(64): error C2065: 'inc': undeclared identifier
c:\users\sina\desktop\hypervisor\myhypervisorapp\myhypervisorapp\myhypervisorapp.cpp(64): error C2146: syntax error: missing ';' before identifier 'eax'
c:\users\sina\desktop\hypervisor\myhypervisorapp\myhypervisorapp\myhypervisorapp.cpp(65): error C2065: 'eax': undeclared identifier
c:\users\sina\desktop\hypervisor\myhypervisorapp\myhypervisorapp\myhypervisorapp.cpp(65): error C2146: syntax error: missing ';' before identifier 'cpuid'
c:\users\sina\desktop\hypervisor\myhypervisorapp\myhypervisorapp\myhypervisorapp.cpp(65): error C2065: 'cpuid': undeclared identifier
c:\users\sina\desktop\hypervisor\myhypervisorapp\myhypervisorapp\myhypervisorapp.cpp(65): error C2146: syntax error: missing ';' before identifier 'bt'
c:\users\sina\desktop\hypervisor\myhypervisorapp\myhypervisorapp\myhypervisorapp.cpp(65): error C2065: 'bt': undeclared identifier
c:\users\sina\desktop\hypervisor\myhypervisorapp\myhypervisorapp\myhypervisorapp.cpp(65): error C2146: syntax error: missing ';' before identifier 'ecx'
c:\users\sina\desktop\hypervisor\myhypervisorapp\myhypervisorapp\myhypervisorapp.cpp(65): error C2065: 'ecx': undeclared identifier
c:\users\sina\desktop\hypervisor\myhypervisorapp\myhypervisorapp\myhypervisorapp.cpp(66): error C2146: syntax error: missing ';' before identifier 'jc'
c:\users\sina\desktop\hypervisor\myhypervisorapp\myhypervisorapp\myhypervisorapp.cpp(67): error C2065: 'jc': undeclared identifier
c:\users\sina\desktop\hypervisor\myhypervisorapp\myhypervisorapp\myhypervisorapp.cpp(67): fatal error C1003: error count exceeds 100; stopping compilation
